Flow report for HPSFPGA
Wed Apr 18 22:28:29 2018
Quartus Prime Version 17.1.0 Build 590 10/25/2017 SJ Lite Edition


---------------------
; Table of Contents ;
---------------------
  1. Legal Notice
  2. Flow Summary
  3. Flow Settings
  4. Flow Non-Default Global Settings
  5. Flow Elapsed Time
  6. Flow OS Summary
  7. Flow Log
  8. Flow Messages
  9. Flow Suppressed Messages



----------------
; Legal Notice ;
----------------
Copyright (C) 2017  Intel Corporation. All rights reserved.
Your use of Intel Corporation's design tools, logic functions 
and other software and tools, and its AMPP partner logic 
functions, and any output files from any of the foregoing 
(including device programming or simulation files), and any 
associated documentation or information are expressly subject 
to the terms and conditions of the Intel Program License 
Subscription Agreement, the Intel Quartus Prime License Agreement,
the Intel FPGA IP License Agreement, or other applicable license
agreement, including, without limitation, that your use is for
the sole purpose of programming logic devices manufactured by
Intel and sold by Intel or its authorized distributors.  Please
refer to the applicable agreement for further details.



+-------------------------------------------------------------------------------+
; Flow Summary                                                                  ;
+---------------------------------+---------------------------------------------+
; Flow Status                     ; Successful - Wed Apr 18 22:28:29 2018       ;
; Quartus Prime Version           ; 17.1.0 Build 590 10/25/2017 SJ Lite Edition ;
; Revision Name                   ; HPSFPGA                                     ;
; Top-level Entity Name           ; HPSFPGA                                     ;
; Family                          ; Cyclone V                                   ;
; Device                          ; 5CSEMA5F31C6                                ;
; Timing Models                   ; Final                                       ;
; Logic utilization (in ALMs)     ; 277 / 32,070 ( < 1 % )                      ;
; Total registers                 ; 535                                         ;
; Total pins                      ; 118 / 457 ( 26 % )                          ;
; Total virtual pins              ; 0                                           ;
; Total block memory bits         ; 2,097,152 / 4,065,280 ( 52 % )              ;
; Total DSP Blocks                ; 0 / 87 ( 0 % )                              ;
; Total HSSI RX PCSs              ; 0                                           ;
; Total HSSI PMA RX Deserializers ; 0                                           ;
; Total HSSI TX PCSs              ; 0                                           ;
; Total HSSI PMA TX Serializers   ; 0                                           ;
; Total PLLs                      ; 0 / 6 ( 0 % )                               ;
; Total DLLs                      ; 1 / 4 ( 25 % )                              ;
+---------------------------------+---------------------------------------------+


+-----------------------------------------+
; Flow Settings                           ;
+-------------------+---------------------+
; Option            ; Setting             ;
+-------------------+---------------------+
; Start date & time ; 04/18/2018 22:19:52 ;
; Main task         ; Compilation         ;
; Revision Name     ; HPSFPGA             ;
+-------------------+---------------------+


+-------------------------------------------------------------------------------------------------------------------------------+
; Flow Non-Default Global Settings                                                                                              ;
+---------------------------------------+----------------------------------------+---------------+-------------+----------------+
; Assignment Name                       ; Value                                  ; Default Value ; Entity Name ; Section Id     ;
+---------------------------------------+----------------------------------------+---------------+-------------+----------------+
; COMPILER_SIGNATURE_ID                 ; 154522808072237.152411159013905        ; --            ; --          ; --             ;
; ECO_REGENERATE_REPORT                 ; On                                     ; Off           ; --          ; --             ;
; EDA_OUTPUT_DATA_FORMAT                ; Vhdl                                   ; --            ; --          ; eda_simulation ;
; EDA_SIMULATION_TOOL                   ; ModelSim-Altera (VHDL)                 ; <None>        ; --          ; --             ;
; MAX_CORE_JUNCTION_TEMP                ; 85                                     ; --            ; --          ; --             ;
; MIN_CORE_JUNCTION_TEMP                ; 0                                      ; --            ; --          ; --             ;
; NUM_PARALLEL_PROCESSORS               ; 6                                      ; --            ; --          ; --             ;
; PARTITION_COLOR                       ; -- (Not supported for targeted family) ; --            ; --          ; Top            ;
; PARTITION_COLOR                       ; -- (Not supported for targeted family) ; --            ; ghrd_top    ; Top            ;
; PARTITION_FITTER_PRESERVATION_LEVEL   ; -- (Not supported for targeted family) ; --            ; --          ; Top            ;
; PARTITION_FITTER_PRESERVATION_LEVEL   ; -- (Not supported for targeted family) ; --            ; ghrd_top    ; Top            ;
; PARTITION_NETLIST_TYPE                ; -- (Not supported for targeted family) ; --            ; --          ; Top            ;
; PARTITION_NETLIST_TYPE                ; -- (Not supported for targeted family) ; --            ; ghrd_top    ; Top            ;
; POWER_BOARD_THERMAL_MODEL             ; None (CONSERVATIVE)                    ; --            ; --          ; --             ;
; POWER_PRESET_COOLING_SOLUTION         ; 23 MM HEAT SINK WITH 200 LFPM AIRFLOW  ; --            ; --          ; --             ;
; PROJECT_OUTPUT_DIRECTORY              ; output_files                           ; --            ; --          ; --             ;
; USE_DLL_FREQUENCY_FOR_DQS_DELAY_CHAIN ; On                                     ; Off           ; --          ; --             ;
+---------------------------------------+----------------------------------------+---------------+-------------+----------------+


+-------------------------------------------------------------------------------------------------------------------------------+
; Flow Elapsed Time                                                                                                             ;
+---------------------------+--------------+-------------------------+---------------------+------------------------------------+
; Module Name               ; Elapsed Time ; Average Processors Used ; Peak Virtual Memory ; Total CPU Time (on all processors) ;
+---------------------------+--------------+-------------------------+---------------------+------------------------------------+
; Analysis & Synthesis      ; 00:02:54     ; 1.0                     ; 1317 MB             ; 00:04:57                           ;
; Fitter                    ; 00:03:54     ; 1.1                     ; 3374 MB             ; 00:05:39                           ;
; Assembler                 ; 00:00:20     ; 1.0                     ; 1043 MB             ; 00:00:17                           ;
; TimeQuest Timing Analyzer ; 00:00:49     ; 1.3                     ; 1721 MB             ; 00:01:01                           ;
; EDA Netlist Writer        ; 00:00:03     ; 1.0                     ; 1226 MB             ; 00:00:03                           ;
; Total                     ; 00:08:00     ; --                      ; --                  ; 00:11:57                           ;
+---------------------------+--------------+-------------------------+---------------------+------------------------------------+


+-----------------------------------------------------------------------------------------+
; Flow OS Summary                                                                         ;
+---------------------------+------------------+------------+------------+----------------+
; Module Name               ; Machine Hostname ; OS Name    ; OS Version ; Processor type ;
+---------------------------+------------------+------------+------------+----------------+
; Analysis & Synthesis      ; malkam03-desktop ; Linux Mint ; 18         ; x86_64         ;
; Fitter                    ; malkam03-desktop ; Linux Mint ; 18         ; x86_64         ;
; Assembler                 ; malkam03-desktop ; Linux Mint ; 18         ; x86_64         ;
; TimeQuest Timing Analyzer ; malkam03-desktop ; Linux Mint ; 18         ; x86_64         ;
; EDA Netlist Writer        ; malkam03-desktop ; Linux Mint ; 18         ; x86_64         ;
+---------------------------+------------------+------------+------------+----------------+


------------
; Flow Log ;
------------
quartus_map --read_settings_files=on --write_settings_files=off HPSFPGA -c HPSFPGA
quartus_fit --read_settings_files=off --write_settings_files=off HPSFPGA -c HPSFPGA
quartus_asm --read_settings_files=off --write_settings_files=off HPSFPGA -c HPSFPGA
quartus_sta HPSFPGA -c HPSFPGA
quartus_eda --read_settings_files=off --write_settings_files=off HPSFPGA -c HPSFPGA



