Release 14.3 - xst P.40xd (nt64)
Copyright (c) 1995-2012 Xilinx, Inc.  All rights reserved.
--> Parameter TMPDIR set to xst/projnav.tmp


Total REAL time to Xst completion: 1.00 secs
Total CPU time to Xst completion: 0.69 secs
 
--> Parameter xsthdpdir set to xst


Total REAL time to Xst completion: 1.00 secs
Total CPU time to Xst completion: 0.69 secs
 
--> Reading design: DataMemory.prj

TABLE OF CONTENTS
  1) Synthesis Options Summary
  2) HDL Parsing
  3) HDL Elaboration
  4) HDL Synthesis
       4.1) HDL Synthesis Report
  5) Advanced HDL Synthesis
       5.1) Advanced HDL Synthesis Report
  6) Low Level Synthesis
  7) Partition Report
  8) Design Summary
       8.1) Primitive and Black Box Usage
       8.2) Device utilization summary
       8.3) Partition Resource Summary
       8.4) Timing Report
            8.4.1) Clock Information
            8.4.2) Asynchronous Control Signals Information
            8.4.3) Timing Summary
            8.4.4) Timing Details
            8.4.5) Cross Clock Domains Report


=========================================================================
*                      Synthesis Options Summary                        *
=========================================================================
---- Source Parameters
Input File Name                    : "DataMemory.prj"
Ignore Synthesis Constraint File   : NO

---- Target Parameters
Output File Name                   : "DataMemory"
Output Format                      : NGC
Target Device                      : xc6slx16-2-csg324

---- Source Options
Top Module Name                    : DataMemory
Automatic FSM Extraction           : YES
FSM Encoding Algorithm             : Auto
Safe Implementation                : No
FSM Style                          : LUT
RAM Extraction                     : Yes
RAM Style                          : Auto
ROM Extraction                     : Yes
Shift Register Extraction          : YES
ROM Style                          : Auto
Resource Sharing                   : YES
Asynchronous To Synchronous        : NO
Shift Register Minimum Size        : 2
Use DSP Block                      : Auto
Automatic Register Balancing       : No

---- Target Options
LUT Combining                      : Auto
Reduce Control Sets                : Auto
Add IO Buffers                     : YES
Global Maximum Fanout              : 100000
Add Generic Clock Buffer(BUFG)     : 16
Register Duplication               : YES
Optimize Instantiated Primitives   : NO
Use Clock Enable                   : Auto
Use Synchronous Set                : Auto
Use Synchronous Reset              : Auto
Pack IO Registers into IOBs        : Auto
Equivalent register Removal        : YES

---- General Options
Optimization Goal                  : Speed
Optimization Effort                : 1
Power Reduction                    : NO
Keep Hierarchy                     : No
Netlist Hierarchy                  : As_Optimized
RTL Output                         : Yes
Global Optimization                : AllClockNets
Read Cores                         : YES
Write Timing Constraints           : NO
Cross Clock Analysis               : NO
Hierarchy Separator                : /
Bus Delimiter                      : <>
Case Specifier                     : Maintain
Slice Utilization Ratio            : 100
BRAM Utilization Ratio             : 100
DSP48 Utilization Ratio            : 100
Auto BRAM Packing                  : NO
Slice Utilization Ratio Delta      : 5

=========================================================================


=========================================================================
*                          HDL Parsing                                  *
=========================================================================
Analyzing Verilog file "C:\Users\PC\Desktop\TEC\taller digital\ISEprogrmas\proyectoAscensor\arquitecturaMulticiclo\DataMemory.v" into library work
Parsing module <DataMemory>.

=========================================================================
*                            HDL Elaboration                            *
=========================================================================

Elaborating module <DataMemory>.

=========================================================================
*                           HDL Synthesis                               *
=========================================================================

Synthesizing Unit <DataMemory>.
    Related source file is "C:\Users\PC\Desktop\TEC\taller digital\ISEprogrmas\proyectoAscensor\arquitecturaMulticiclo\DataMemory.v".
WARNING:Xst:647 - Input <Address<31:10>> is never used. This port will be preserved and left unconnected if it belongs to a top-level block or it belongs to a sub-block and the hierarchy of this sub-block is preserved.
WARNING:Xst:3035 - Index value(s) does not match array range for signal <RegFile>, simulation mismatch.
    Found 513x32-bit single-port RAM <Mram_RegFile> for signal <RegFile>.
    Summary:
	inferred   1 RAM(s).
	inferred   1 Multiplexer(s).
Unit <DataMemory> synthesized.

=========================================================================
HDL Synthesis Report

Macro Statistics
# RAMs                                                 : 1
 513x32-bit single-port RAM                            : 1
# Multiplexers                                         : 1
 32-bit 2-to-1 multiplexer                             : 1

=========================================================================

=========================================================================
*                       Advanced HDL Synthesis                          *
=========================================================================


Synthesizing (advanced) Unit <DataMemory>.
INFO:Xst:3218 - HDL ADVISOR - The RAM <Mram_RegFile> will be implemented on LUTs either because you have described an asynchronous read or because of currently unsupported block RAM features. If you have described an asynchronous read, making it synchronous would allow you to take advantage of available block RAM resources, for optimized device usage and improved timings. Please refer to your documentation for coding guidelines.
    -----------------------------------------------------------------------
    | ram_type           | Distributed                         |          |
    -----------------------------------------------------------------------
    | Port A                                                              |
    |     aspect ratio   | 513-word x 32-bit                   |          |
    |     clkA           | connected to signal <Clk>           | rise     |
    |     weA            | connected to signal <MemWrite>      | high     |
    |     addrA          | connected to signal <Address>       |          |
    |     diA            | connected to signal <WriteData>     |          |
    |     doA            | connected to internal node          |          |
    -----------------------------------------------------------------------
Unit <DataMemory> synthesized (advanced).

=========================================================================
Advanced HDL Synthesis Report

Macro Statistics
# RAMs                                                 : 1
 513x32-bit single-port distributed RAM                : 1
# Multiplexers                                         : 1
 32-bit 2-to-1 multiplexer                             : 1

=========================================================================

=========================================================================
*                         Low Level Synthesis                           *
=========================================================================

Optimizing unit <DataMemory> ...

Mapping all equations...
Building and optimizing final netlist ...
Found area constraint ratio of 100 (+ 5) on block DataMemory, actual ratio is 0.

Final Macro Processing ...

=========================================================================
Final Register Report

Found no macro
=========================================================================

=========================================================================
*                           Partition Report                            *
=========================================================================

Partition Implementation Status
-------------------------------

  No Partitions were found in this design.

-------------------------------

=========================================================================
*                            Design Summary                             *
=========================================================================

Top Level Output File Name         : DataMemory.ngc

Primitive and Black Box Usage:
------------------------------
# BELS                             : 35
#      LUT3                        : 3
#      LUT6                        : 32
# RAMS                             : 96
#      RAM16X1S                    : 32
#      RAM256X1S                   : 64
# Clock Buffers                    : 1
#      BUFGP                       : 1
# IO Buffers                       : 76
#      IBUF                        : 44
#      OBUF                        : 32

Device utilization summary:
---------------------------

Selected Device : 6slx16csg324-2 


Slice Logic Utilization: 
 Number of Slice LUTs:                  323  out of   9112     3%  
    Number used as Logic:                35  out of   9112     0%  
    Number used as Memory:              288  out of   2176    13%  
       Number used as RAM:              288

Slice Logic Distribution: 
 Number of LUT Flip Flop pairs used:    323
   Number with an unused Flip Flop:     323  out of    323   100%  
   Number with an unused LUT:             0  out of    323     0%  
   Number of fully used LUT-FF pairs:     0  out of    323     0%  
   Number of unique control sets:         0

IO Utilization: 
 Number of IOs:                          99
 Number of bonded IOBs:                  77  out of    232    33%  

Specific Feature Utilization:
 Number of BUFG/BUFGCTRLs:                1  out of     16     6%  

---------------------------
Partition Resource Summary:
---------------------------

  No Partitions were found in this design.

---------------------------


=========================================================================
Timing Report

NOTE: THESE TIMING NUMBERS ARE ONLY A SYNTHESIS ESTIMATE.
      FOR ACCURATE TIMING INFORMATION PLEASE REFER TO THE TRACE REPORT
      GENERATED AFTER PLACE-and-ROUTE.

Clock Information:
------------------
-----------------------------------+------------------------+-------+
Clock Signal                       | Clock buffer(FF name)  | Load  |
-----------------------------------+------------------------+-------+
Clk                                | BUFGP                  | 96    |
-----------------------------------+------------------------+-------+

Asynchronous Control Signals Information:
----------------------------------------
No asynchronous control signals found in this design

Timing Summary:
---------------
Speed Grade: -2

   Minimum period: No path found
   Minimum input arrival time before clock: 5.144ns
   Maximum output required time after clock: 5.711ns
   Maximum combinational path delay: 8.386ns

Timing Details:
---------------
All values displayed in nanoseconds (ns)

=========================================================================
Timing constraint: Default OFFSET IN BEFORE for Clock 'Clk'
  Total number of paths / destination ports: 1024 / 832
-------------------------------------------------------------------------
Offset:              5.144ns (Levels of Logic = 2)
  Source:            Address<9> (PAD)
  Destination:       Mram_RegFile66 (RAM)
  Destination Clock: Clk rising

  Data Path: Address<9> to Mram_RegFile66
                                Gate     Net
    Cell:in->out      fanout   Delay   Delay  Logical Name (Net Name)
    ----------------------------------------  ------------
     IBUF:I->O            35   1.328   1.678  Address_9_IBUF (Address_9_IBUF)
     LUT3:I1->O           32   0.250   1.519  write_ctrl2 (write_ctrl2)
     RAM16X1S:WE               0.369          Mram_RegFile66
    ----------------------------------------
    Total                      5.144ns (1.947ns logic, 3.197ns route)
                                       (37.8% logic, 62.2% route)

=========================================================================
Timing constraint: Default OFFSET OUT AFTER for Clock 'Clk'
  Total number of paths / destination ports: 32 / 32
-------------------------------------------------------------------------
Offset:              5.711ns (Levels of Logic = 2)
  Source:            Mram_RegFile96 (RAM)
  Destination:       MemData<31> (PAD)
  Source Clock:      Clk rising

  Data Path: Mram_RegFile96 to MemData<31>
                                Gate     Net
    Cell:in->out      fanout   Delay   Delay  Logical Name (Net Name)
    ----------------------------------------  ------------
     RAM16X1S:WCLK->O      1   1.182   0.682  Mram_RegFile96 (N195)
     LUT6:I5->O            1   0.254   0.681  Mmux_MemData251 (MemData_31_OBUF)
     OBUF:I->O                 2.912          MemData_31_OBUF (MemData<31>)
    ----------------------------------------
    Total                      5.711ns (4.348ns logic, 1.363ns route)
                                       (76.1% logic, 23.9% route)

=========================================================================
Timing constraint: Default path analysis
  Total number of paths / destination ports: 224 / 32
-------------------------------------------------------------------------
Delay:               8.386ns (Levels of Logic = 4)
  Source:            Address<0> (PAD)
  Destination:       MemData<31> (PAD)

  Data Path: Address<0> to MemData<31>
                                Gate     Net
    Cell:in->out      fanout   Delay   Delay  Logical Name (Net Name)
    ----------------------------------------  ------------
     IBUF:I->O           128   1.328   2.294  Address_0_IBUF (Address_0_IBUF)
     RAM16X1S:A0->O        1   0.235   0.682  Mram_RegFile66 (N135)
     LUT6:I5->O            1   0.254   0.681  Mmux_MemData121 (MemData_1_OBUF)
     OBUF:I->O                 2.912          MemData_1_OBUF (MemData<1>)
    ----------------------------------------
    Total                      8.386ns (4.729ns logic, 3.657ns route)
                                       (56.4% logic, 43.6% route)

=========================================================================

Cross Clock Domains Report:
--------------------------

=========================================================================


Total REAL time to Xst completion: 22.00 secs
Total CPU time to Xst completion: 22.07 secs
 
--> 

Total memory usage is 245240 kilobytes

Number of errors   :    0 (   0 filtered)
Number of warnings :    2 (   0 filtered)
Number of infos    :    1 (   0 filtered)

